2024-04-17 22:51:48,823 INFO RPC interface 'supervisor' initialized
2024-04-17 22:51:48,824 CRIT Server 'unix_http_server' running without any HTTP authentication checking
2024-04-17 22:51:48,825 INFO supervisord started with pid 1
2024-04-17 22:51:49,836 INFO spawned: 'npm' with pid 7
2024-04-17 22:51:50,839 INFO success: npm entered RUNNING state, process has stayed up for > than 1 seconds (startsecs)
2024-04-17 22:54:33,318 WARN received SIGTERM indicating exit request
2024-04-17 22:54:33,339 INFO waiting for npm to die
2024-04-17 22:54:34,345 WARN stopped: npm (terminated by SIGTERM)
2024-04-17 22:55:36,566 INFO RPC interface 'supervisor' initialized
2024-04-17 22:55:36,567 CRIT Server 'unix_http_server' running without any HTTP authentication checking
2024-04-17 22:55:36,567 INFO supervisord started with pid 1
2024-04-17 22:55:37,573 INFO spawned: 'npm' with pid 7
2024-04-17 22:55:38,052 WARN exited: npm (exit status 127; not expected)
2024-04-17 22:55:39,058 INFO spawned: 'npm' with pid 19
2024-04-17 22:55:39,475 WARN exited: npm (exit status 127; not expected)
2024-04-17 22:55:41,481 INFO spawned: 'npm' with pid 31
2024-04-17 22:55:41,949 WARN exited: npm (exit status 127; not expected)
2024-04-17 22:55:44,959 INFO spawned: 'npm' with pid 43
2024-04-17 22:55:46,445 INFO success: npm entered RUNNING state, process has stayed up for > than 1 seconds (startsecs)
2024-04-17 22:55:46,445 WARN exited: npm (exit status 127; not expected)
2024-04-17 22:55:47,450 INFO spawned: 'npm' with pid 55
2024-04-17 22:55:48,856 INFO success: npm entered RUNNING state, process has stayed up for > than 1 seconds (startsecs)
2024-04-17 22:55:48,859 WARN exited: npm (exit status 127; not expected)
2024-04-17 22:55:49,862 INFO spawned: 'npm' with pid 67
2024-04-17 22:55:50,315 WARN exited: npm (exit status 127; not expected)
2024-04-17 22:55:51,321 INFO spawned: 'npm' with pid 79
2024-04-17 22:55:51,717 WARN exited: npm (exit status 127; not expected)
2024-04-17 22:55:53,724 INFO spawned: 'npm' with pid 91
2024-04-17 22:55:54,180 WARN exited: npm (exit status 127; not expected)
2024-04-17 22:55:57,188 INFO spawned: 'npm' with pid 103
2024-04-17 22:55:57,196 WARN received SIGTERM indicating exit request
2024-04-17 22:55:57,198 INFO waiting for npm to die
2024-04-17 22:55:57,654 WARN stopped: npm (exit status 127)
2024-04-17 22:59:21,344 INFO RPC interface 'supervisor' initialized
2024-04-17 22:59:21,346 CRIT Server 'unix_http_server' running without any HTTP authentication checking
2024-04-17 22:59:21,346 INFO supervisord started with pid 1
2024-04-17 22:59:22,350 INFO spawned: 'npm' with pid 6
2024-04-17 22:59:22,870 WARN exited: npm (exit status 127; not expected)
2024-04-17 22:59:23,875 INFO spawned: 'npm' with pid 18
2024-04-17 22:59:25,329 INFO success: npm entered RUNNING state, process has stayed up for > than 1 seconds (startsecs)
2024-04-17 22:59:25,330 WARN exited: npm (exit status 127; not expected)
2024-04-17 22:59:26,339 INFO spawned: 'npm' with pid 30
2024-04-17 22:59:26,902 WARN exited: npm (exit status 127; not expected)
2024-04-17 22:59:27,907 INFO spawned: 'npm' with pid 42
2024-04-17 22:59:29,367 INFO success: npm entered RUNNING state, process has stayed up for > than 1 seconds (startsecs)
2024-04-17 22:59:29,367 WARN exited: npm (exit status 127; not expected)
2024-04-17 22:59:30,375 INFO spawned: 'npm' with pid 54
2024-04-17 22:59:30,877 WARN exited: npm (exit status 127; not expected)
2024-04-17 22:59:31,883 INFO spawned: 'npm' with pid 66
2024-04-17 22:59:32,287 WARN exited: npm (exit status 127; not expected)
2024-04-17 22:59:34,295 INFO spawned: 'npm' with pid 78
2024-04-17 22:59:34,745 WARN exited: npm (exit status 127; not expected)
2024-04-17 22:59:36,748 WARN received SIGTERM indicating exit request
2024-04-17 23:03:34,721 INFO RPC interface 'supervisor' initialized
2024-04-17 23:03:34,723 CRIT Server 'unix_http_server' running without any HTTP authentication checking
2024-04-17 23:03:34,724 INFO supervisord started with pid 1
2024-04-17 23:03:35,727 INFO spawned: 'npm' with pid 27
2024-04-17 23:03:37,502 INFO success: npm entered RUNNING state, process has stayed up for > than 1 seconds (startsecs)
2024-04-17 23:24:29,135 WARN received SIGTERM indicating exit request
2024-04-17 23:24:29,181 INFO waiting for npm to die
2024-04-17 23:24:30,199 WARN stopped: npm (terminated by SIGTERM)
2024-04-17 23:25:29,213 INFO RPC interface 'supervisor' initialized
2024-04-17 23:25:29,214 CRIT Server 'unix_http_server' running without any HTTP authentication checking
2024-04-17 23:25:29,214 INFO supervisord started with pid 1
2024-04-17 23:25:30,220 INFO spawned: 'npm' with pid 17
2024-04-17 23:25:31,638 INFO success: npm entered RUNNING state, process has stayed up for > than 1 seconds (startsecs)
2024-04-17 23:29:18,193 WARN received SIGTERM indicating exit request
2024-04-17 23:29:18,194 INFO waiting for npm to die
2024-04-17 23:29:19,195 WARN stopped: npm (terminated by SIGTERM)
2024-04-17 23:30:08,085 INFO RPC interface 'supervisor' initialized
2024-04-17 23:30:08,087 CRIT Server 'unix_http_server' running without any HTTP authentication checking
2024-04-17 23:30:08,087 INFO supervisord started with pid 1
2024-04-17 23:30:09,091 INFO spawned: 'npm' with pid 17
2024-04-17 23:30:10,095 INFO success: npm entered RUNNING state, process has stayed up for > than 1 seconds (startsecs)
2024-04-17 23:33:25,140 WARN received SIGTERM indicating exit request
2024-04-17 23:33:25,165 INFO waiting for npm to die
2024-04-17 23:33:26,177 WARN stopped: npm (terminated by SIGTERM)
2024-04-17 23:34:20,914 INFO RPC interface 'supervisor' initialized
2024-04-17 23:34:20,915 CRIT Server 'unix_http_server' running without any HTTP authentication checking
2024-04-17 23:34:20,916 INFO supervisord started with pid 1
2024-04-17 23:34:21,918 INFO spawned: 'npm' with pid 18
2024-04-17 23:35:04,960 INFO RPC interface 'supervisor' initialized
2024-04-17 23:35:04,961 CRIT Server 'unix_http_server' running without any HTTP authentication checking
2024-04-17 23:35:04,961 INFO supervisord started with pid 1
2024-04-17 23:35:05,964 INFO spawned: 'npm' with pid 18
2024-04-17 23:35:06,967 INFO success: npm entered RUNNING state, process has stayed up for > than 1 seconds (startsecs)
2024-04-17 23:44:05,702 WARN received SIGTERM indicating exit request
2024-04-17 23:44:05,719 INFO waiting for npm to die
2024-04-17 23:44:06,733 WARN stopped: npm (terminated by SIGTERM)
2024-04-17 23:45:13,336 INFO RPC interface 'supervisor' initialized
2024-04-17 23:45:13,336 CRIT Server 'unix_http_server' running without any HTTP authentication checking
2024-04-17 23:45:13,336 INFO supervisord started with pid 1
2024-04-17 23:45:14,342 INFO spawned: 'npm' with pid 18
2024-04-17 23:45:15,795 INFO success: npm entered RUNNING state, process has stayed up for > than 1 seconds (startsecs)
2024-04-17 23:50:45,317 INFO reaped unknown pid 624 (terminated by SIGPIPE)
2024-04-17 23:50:45,333 INFO reaped unknown pid 631 (exit status 0)
2024-04-18 02:34:38,887 WARN received SIGTERM indicating exit request
2024-04-18 02:34:38,919 INFO waiting for npm to die
2024-04-18 02:34:39,937 WARN stopped: npm (terminated by SIGTERM)
2024-04-18 02:36:22,606 INFO RPC interface 'supervisor' initialized
2024-04-18 02:36:22,606 CRIT Server 'unix_http_server' running without any HTTP authentication checking
2024-04-18 02:36:22,607 INFO supervisord started with pid 1
2024-04-18 02:36:23,612 INFO spawned: 'npm' with pid 19
2024-04-18 02:36:25,172 INFO success: npm entered RUNNING state, process has stayed up for > than 1 seconds (startsecs)
2024-04-18 02:41:00,508 INFO reaped unknown pid 535 (exit status 0)
2024-04-18 02:41:00,535 INFO reaped unknown pid 566 (terminated by SIGPIPE)
2024-04-18 02:41:00,535 INFO reaped unknown pid 572 (exit status 0)
2024-04-18 02:47:33,043 INFO reaped unknown pid 4374 (exit status 0)
2024-04-18 02:47:33,045 INFO reaped unknown pid 6599 (terminated by SIGTERM)
2024-04-18 02:47:33,045 INFO reaped unknown pid 6600 (terminated by SIGTERM)
2024-04-18 02:47:33,046 INFO reaped unknown pid 6614 (exit status 0)
2024-04-18 14:19:36,732 INFO reaped unknown pid 8033 (exit status 0)
2024-04-18 14:24:33,088 INFO reaped unknown pid 8583 (exit status 0)
2024-04-18 14:33:08,760 WARN received SIGTERM indicating exit request
2024-04-18 14:33:08,795 INFO waiting for npm to die
2024-04-18 14:33:09,812 WARN stopped: npm (terminated by SIGTERM)
2024-04-18 14:33:18,284 INFO RPC interface 'supervisor' initialized
2024-04-18 14:33:18,285 CRIT Server 'unix_http_server' running without any HTTP authentication checking
2024-04-18 14:33:18,285 INFO supervisord started with pid 1
2024-04-18 14:33:19,290 INFO spawned: 'npm' with pid 18
2024-04-18 14:33:20,696 INFO success: npm entered RUNNING state, process has stayed up for > than 1 seconds (startsecs)
2024-04-19 22:28:18,048 INFO reaped unknown pid 1371 (exit status 0)
2024-04-19 22:35:19,646 WARN received SIGTERM indicating exit request
2024-04-19 22:35:19,684 INFO waiting for npm to die
2024-04-19 22:35:20,706 WARN stopped: npm (terminated by SIGTERM)
2024-04-19 22:35:30,344 INFO RPC interface 'supervisor' initialized
2024-04-19 22:35:30,345 CRIT Server 'unix_http_server' running without any HTTP authentication checking
2024-04-19 22:35:30,346 INFO supervisord started with pid 1
2024-04-19 22:35:31,351 INFO spawned: 'npm' with pid 18
2024-04-19 22:35:32,767 INFO success: npm entered RUNNING state, process has stayed up for > than 1 seconds (startsecs)
2024-04-27 21:46:55,177 WARN received SIGTERM indicating exit request
2024-04-27 21:46:55,216 INFO waiting for npm to die
2024-04-27 21:46:56,244 WARN stopped: npm (terminated by SIGTERM)
2024-04-27 21:48:23,120 INFO RPC interface 'supervisor' initialized
2024-04-27 21:48:23,120 CRIT Server 'unix_http_server' running without any HTTP authentication checking
2024-04-27 21:48:23,120 INFO supervisord started with pid 1
2024-04-27 21:48:24,126 INFO spawned: 'npm' with pid 18
2024-04-27 21:48:25,917 INFO success: npm entered RUNNING state, process has stayed up for > than 1 seconds (startsecs)
2024-04-29 18:34:50,146 INFO reaped unknown pid 613 (exit status 0)
2024-04-29 18:42:42,751 WARN received SIGTERM indicating exit request
2024-04-29 18:42:42,785 INFO waiting for npm to die
2024-04-29 18:42:43,810 WARN stopped: npm (terminated by SIGTERM)
2024-04-29 18:42:52,662 INFO RPC interface 'supervisor' initialized
2024-04-29 18:42:52,663 CRIT Server 'unix_http_server' running without any HTTP authentication checking
2024-04-29 18:42:52,664 INFO supervisord started with pid 1
2024-04-29 18:42:53,668 INFO spawned: 'npm' with pid 18
2024-04-29 18:42:55,097 INFO success: npm entered RUNNING state, process has stayed up for > than 1 seconds (startsecs)
2024-04-29 18:43:09,827 WARN received SIGTERM indicating exit request
2024-04-29 18:43:09,829 INFO waiting for npm to die
2024-04-29 18:43:10,832 WARN stopped: npm (terminated by SIGTERM)
2024-04-29 18:43:17,142 INFO RPC interface 'supervisor' initialized
2024-04-29 18:43:17,143 CRIT Server 'unix_http_server' running without any HTTP authentication checking
2024-04-29 18:43:17,143 INFO supervisord started with pid 1
2024-04-29 18:43:18,147 INFO spawned: 'npm' with pid 18
2024-04-29 18:43:19,543 INFO success: npm entered RUNNING state, process has stayed up for > than 1 seconds (startsecs)
2024-04-30 12:32:15,286 INFO reaped unknown pid 615 (exit status 0)
2024-04-30 12:38:27,784 WARN received SIGTERM indicating exit request
2024-04-30 12:38:27,822 INFO waiting for npm to die
2024-04-30 12:38:28,842 WARN stopped: npm (terminated by SIGTERM)
2024-04-30 12:38:34,389 INFO RPC interface 'supervisor' initialized
2024-04-30 12:38:34,390 CRIT Server 'unix_http_server' running without any HTTP authentication checking
2024-04-30 12:38:34,390 INFO supervisord started with pid 1
2024-04-30 12:38:35,396 INFO spawned: 'npm' with pid 17
2024-04-30 12:38:36,795 INFO success: npm entered RUNNING state, process has stayed up for > than 1 seconds (startsecs)
2024-05-01 00:11:17,030 INFO reaped unknown pid 614 (exit status 0)
2024-05-01 00:23:23,975 WARN received SIGTERM indicating exit request
2024-05-01 00:23:24,017 INFO waiting for npm to die
2024-05-01 00:23:25,041 WARN stopped: npm (terminated by SIGTERM)
2024-05-01 00:23:35,657 INFO RPC interface 'supervisor' initialized
2024-05-01 00:23:35,660 CRIT Server 'unix_http_server' running without any HTTP authentication checking
2024-05-01 00:23:35,661 INFO supervisord started with pid 1
2024-05-01 00:23:36,667 INFO spawned: 'npm' with pid 17
2024-05-01 00:23:38,087 INFO success: npm entered RUNNING state, process has stayed up for > than 1 seconds (startsecs)
2024-05-10 18:38:00,802 INFO exited: npm (exit status 0; expected)
2024-05-10 18:38:01,986 INFO spawned: 'npm' with pid 69
2024-05-10 18:38:03,025 INFO success: npm entered RUNNING state, process has stayed up for > than 1 seconds (startsecs)
2024-05-10 19:18:33,132 INFO RPC interface 'supervisor' initialized
2024-05-10 19:18:33,134 CRIT Server 'unix_http_server' running without any HTTP authentication checking
2024-05-10 19:18:33,135 INFO supervisord started with pid 1
2024-05-10 19:18:34,139 INFO spawned: 'npm' with pid 18
2024-05-10 19:18:35,977 INFO success: npm entered RUNNING state, process has stayed up for > than 1 seconds (startsecs)
2024-05-10 20:33:44,733 INFO reaped unknown pid 535 (exit status 0)
2024-05-10 20:33:44,759 INFO reaped unknown pid 509 (terminated by SIGTERM)
2024-05-10 20:33:44,759 INFO reaped unknown pid 510 (terminated by SIGTERM)
2024-05-10 20:33:44,759 INFO reaped unknown pid 614 (terminated by SIGPIPE)
2024-05-10 20:33:44,759 INFO reaped unknown pid 627 (terminated by SIGTERM)
2024-05-10 20:37:39,004 INFO reaped unknown pid 1351 (terminated by SIGTERM)
2024-05-10 20:37:39,012 INFO reaped unknown pid 1352 (terminated by SIGTERM)
2024-05-10 20:37:39,015 INFO reaped unknown pid 1378 (exit status 0)
2024-05-10 20:38:42,090 WARN received SIGTERM indicating exit request
2024-05-10 20:38:42,133 INFO waiting for npm to die
2024-05-10 20:38:43,149 WARN stopped: npm (terminated by SIGTERM)
2024-05-10 20:41:23,221 INFO RPC interface 'supervisor' initialized
2024-05-10 20:41:23,222 CRIT Server 'unix_http_server' running without any HTTP authentication checking
2024-05-10 20:41:23,224 INFO supervisord started with pid 1
2024-05-10 20:41:24,230 INFO spawned: 'npm' with pid 18
2024-05-10 20:41:25,634 INFO success: npm entered RUNNING state, process has stayed up for > than 1 seconds (startsecs)
2024-05-11 20:57:27,234 INFO reaped unknown pid 615 (exit status 0)
2024-05-11 23:01:52,190 WARN received SIGTERM indicating exit request
2024-05-11 23:01:52,225 INFO waiting for npm to die
2024-05-11 23:01:53,245 WARN stopped: npm (terminated by SIGTERM)
2024-05-11 23:02:02,511 INFO RPC interface 'supervisor' initialized
2024-05-11 23:02:02,511 CRIT Server 'unix_http_server' running without any HTTP authentication checking
2024-05-11 23:02:02,512 INFO supervisord started with pid 1
2024-05-11 23:02:03,516 INFO spawned: 'npm' with pid 18
2024-05-11 23:02:04,815 INFO success: npm entered RUNNING state, process has stayed up for > than 1 seconds (startsecs)
2024-05-12 16:50:52,471 INFO reaped unknown pid 615 (exit status 0)
2024-05-12 17:00:57,271 WARN received SIGTERM indicating exit request
2024-05-12 17:00:57,303 INFO waiting for npm to die
2024-05-12 17:00:58,320 WARN stopped: npm (terminated by SIGTERM)
2024-05-12 17:01:08,388 INFO RPC interface 'supervisor' initialized
2024-05-12 17:01:08,388 CRIT Server 'unix_http_server' running without any HTTP authentication checking
2024-05-12 17:01:08,389 INFO supervisord started with pid 1
2024-05-12 17:01:09,394 INFO spawned: 'npm' with pid 18
2024-05-12 17:01:10,677 INFO success: npm entered RUNNING state, process has stayed up for > than 1 seconds (startsecs)
2024-05-14 23:40:21,492 INFO reaped unknown pid 615 (exit status 0)
2024-05-14 23:51:18,398 WARN received SIGTERM indicating exit request
2024-05-14 23:51:18,424 INFO waiting for npm to die
2024-05-14 23:51:19,444 WARN stopped: npm (terminated by SIGTERM)
2024-05-14 23:51:29,407 INFO RPC interface 'supervisor' initialized
2024-05-14 23:51:29,407 CRIT Server 'unix_http_server' running without any HTTP authentication checking
2024-05-14 23:51:29,408 INFO supervisord started with pid 1
2024-05-14 23:51:30,413 INFO spawned: 'npm' with pid 18
2024-05-14 23:51:31,654 INFO success: npm entered RUNNING state, process has stayed up for > than 1 seconds (startsecs)
